2025-11-20 00:30:36,752 - app.main - INFO - Database tables created/verified
2025-11-20 00:30:36,752 - app.main - WARNING - CORS is allowing all origins. Consider restricting in production.
2025-11-20 00:30:37,613 - app.middleware.request_id - INFO - Request 8cf21b5c-56a9-4dd9-b5e5-867b8a3c0814: GET /ui
2025-11-20 00:30:44,430 - app.main - INFO - Looking for technical documentation. BASE_PATH: /app, CWD: /app
2025-11-20 00:30:44,432 - app.main - INFO - Checking: /app/docs/TECHNICAL_DOCUMENTATION.md (exists: True, is_file: True)
2025-11-20 00:30:44,434 - app.main - INFO - ✓ Successfully loaded from /app/docs/TECHNICAL_DOCUMENTATION.md (27325 chars)
2025-11-20 00:30:44,434 - app.middleware.request_id - INFO - Request b344e6c0-911d-4fba-808e-7afd6e5d6924: GET /technical-documentation
2025-11-20 00:30:44,876 - app.main - INFO - Looking for technical documentation. BASE_PATH: /app, CWD: /app
2025-11-20 00:30:44,877 - app.main - INFO - Checking: /app/docs/TECHNICAL_DOCUMENTATION.md (exists: True, is_file: True)
2025-11-20 00:30:44,877 - app.main - INFO - ✓ Successfully loaded from /app/docs/TECHNICAL_DOCUMENTATION.md (27325 chars)
2025-11-20 00:30:44,877 - app.middleware.request_id - INFO - Request fd08f296-a27d-429d-a663-6e93162ff846: GET /technical-documentation
2025-11-20 00:35:07,104 - app.middleware.request_id - INFO - Request bba90940-b79c-4c4d-b038-b6f876f7b9fa: GET /ui
2025-11-20 00:35:08,991 - app.main - INFO - Looking for technical documentation. BASE_PATH: /app, CWD: /app
2025-11-20 00:35:08,992 - app.main - INFO - Checking: /app/docs/TECHNICAL_DOCUMENTATION.md (exists: True, is_file: True)
2025-11-20 00:35:08,993 - app.main - INFO - ✓ Successfully loaded from /app/docs/TECHNICAL_DOCUMENTATION.md (27240 chars)
2025-11-20 00:35:08,994 - app.middleware.request_id - INFO - Request c841db91-84a1-4070-b83a-726054828d3f: GET /technical-documentation
2025-11-20 00:36:18,274 - app.middleware.request_id - INFO - Request 600b58d5-1837-49f7-ace2-960e48679ca3: GET /ui
2025-11-20 00:36:18,673 - app.middleware.request_id - INFO - Request c6ed63bf-2002-4971-8be8-c90efd248470: GET /ui
2025-11-20 00:36:30,375 - app.main - INFO - Looking for technical documentation. BASE_PATH: /app, CWD: /app
2025-11-20 00:36:30,375 - app.main - INFO - Checking: /app/docs/TECHNICAL_DOCUMENTATION.md (exists: True, is_file: True)
2025-11-20 00:36:30,376 - app.main - INFO - ✓ Successfully loaded from /app/docs/TECHNICAL_DOCUMENTATION.md (27235 chars)
2025-11-20 00:36:30,377 - app.middleware.request_id - INFO - Request dedecc40-4ccc-457b-b692-d4323c461cad: GET /technical-documentation
2025-11-20 00:36:33,356 - app.middleware.request_id - INFO - Request f581c06f-a40d-46d5-982e-20898127bbae: GET /ui
2025-11-20 00:36:34,003 - app.middleware.request_id - INFO - Request 26aadd34-ad1a-4608-902a-c505ecdb5158: GET /ui
2025-11-20 00:36:34,980 - app.main - INFO - Looking for technical documentation. BASE_PATH: /app, CWD: /app
2025-11-20 00:36:34,982 - app.main - INFO - Checking: /app/docs/TECHNICAL_DOCUMENTATION.md (exists: True, is_file: True)
2025-11-20 00:36:34,982 - app.main - INFO - ✓ Successfully loaded from /app/docs/TECHNICAL_DOCUMENTATION.md (27235 chars)
2025-11-20 00:36:34,983 - app.middleware.request_id - INFO - Request ae0b2afa-bda4-44d0-bf15-5146888adcf5: GET /technical-documentation
2025-11-20 00:36:43,716 - app.middleware.request_id - INFO - Request 97f13c71-2061-4982-b86a-780d21c1a093: GET /ui
2025-11-20 00:36:43,906 - app.middleware.request_id - INFO - Request a077e491-264f-42df-942d-c5619eeb50d9: GET /ui
2025-11-20 00:36:45,457 - app.main - INFO - Looking for technical documentation. BASE_PATH: /app, CWD: /app
2025-11-20 00:36:45,458 - app.main - INFO - Checking: /app/docs/TECHNICAL_DOCUMENTATION.md (exists: True, is_file: True)
2025-11-20 00:36:45,459 - app.main - INFO - ✓ Successfully loaded from /app/docs/TECHNICAL_DOCUMENTATION.md (27236 chars)
2025-11-20 00:36:45,460 - app.middleware.request_id - INFO - Request c0f701ff-5202-4833-bf1f-081baf741fa2: GET /technical-documentation
2025-11-20 00:36:52,817 - app.middleware.request_id - INFO - Request 3a83fa95-36f1-4c6b-be8b-1edd8bc2b274: GET /ui
2025-11-20 00:36:53,544 - app.middleware.request_id - INFO - Request 953efc50-7f5c-460f-ba18-62b1e8063665: GET /ui
2025-11-20 00:36:54,793 - app.main - INFO - Looking for technical documentation. BASE_PATH: /app, CWD: /app
2025-11-20 00:36:54,794 - app.main - INFO - Checking: /app/docs/TECHNICAL_DOCUMENTATION.md (exists: True, is_file: True)
2025-11-20 00:36:54,795 - app.main - INFO - ✓ Successfully loaded from /app/docs/TECHNICAL_DOCUMENTATION.md (27211 chars)
2025-11-20 00:36:54,796 - app.middleware.request_id - INFO - Request 83fd3cc5-92a0-4298-9deb-bd2cebe4aeba: GET /technical-documentation
2025-11-20 00:38:29,054 - app.main - INFO - Looking for technical documentation. BASE_PATH: /app, CWD: /app
2025-11-20 00:38:29,055 - app.main - INFO - Checking: /app/docs/TECHNICAL_DOCUMENTATION.md (exists: True, is_file: True)
2025-11-20 00:38:29,056 - app.main - INFO - ✓ Successfully loaded from /app/docs/TECHNICAL_DOCUMENTATION.md (27211 chars)
2025-11-20 00:38:29,057 - app.middleware.request_id - INFO - Request 9135a03e-1d13-4843-995b-9d0f2c2efbd6: GET /technical-documentation
2025-11-20 00:41:33,324 - app.middleware.request_id - INFO - Request e042c1ac-8ebf-46a0-a2e3-f61a8ba81cf1: GET /ui
2025-11-20 00:41:34,013 - app.middleware.request_id - INFO - Request 70f615a0-ff4f-4c2f-b39c-678160b99598: GET /ui
2025-11-20 00:41:35,228 - app.middleware.request_id - INFO - Request 683f32e0-041d-47ac-800d-c615828e0fdd: GET /ui
2025-11-20 00:41:36,396 - app.middleware.request_id - INFO - Request 11080397-f329-48a0-8ff9-4bb34ede94b0: GET /ui
2025-11-20 00:41:37,628 - app.middleware.request_id - INFO - Request adc88e3e-9d9b-4b10-b92e-de93bd9b0d9b: GET /ui
2025-11-20 00:41:42,541 - app.middleware.request_id - INFO - Request 62fe78ef-f66a-4ddc-bd0a-81b389c76e8e: GET /ui
2025-11-20 00:41:43,296 - app.middleware.request_id - INFO - Request 708a9ca8-d3f8-4f6b-841c-09b0fe0c7222: GET /ui
2025-11-20 00:41:46,800 - app.middleware.request_id - INFO - Request 37482f24-c3f4-4401-ba49-e81e199d69fa: GET /ui
2025-11-20 00:41:46,863 - app.middleware.request_id - INFO - Request 4ce081fd-4a41-47dd-890f-2993a3a3a648: GET /favicon.ico
2025-11-20 00:43:02,526 - app.middleware.request_id - INFO - Request 8e1a6e10-0379-4dba-9e6d-2ffe787963da: GET /ui
2025-11-20 00:43:02,723 - app.middleware.request_id - INFO - Request 259789ad-28f7-4007-8ac9-8f73ae35d811: GET /ui
2025-11-20 00:43:09,059 - app.middleware.request_id - INFO - Request b8ebb04d-1d2a-4b9b-8a10-1f91b9ca3f85: GET /ui
2025-11-20 00:43:17,161 - app.main - INFO - Looking for technical documentation. BASE_PATH: /app, CWD: /app
2025-11-20 00:43:17,162 - app.main - INFO - Checking: /app/docs/TECHNICAL_DOCUMENTATION.md (exists: True, is_file: True)
2025-11-20 00:43:17,163 - app.main - INFO - ✓ Successfully loaded from /app/docs/TECHNICAL_DOCUMENTATION.md (27211 chars)
2025-11-20 00:43:17,164 - app.middleware.request_id - INFO - Request 8f5bd2f5-9a5c-49ae-92a5-dd9f4bf54eb2: GET /technical-documentation
2025-11-20 06:17:36,909 - app.main - INFO - Application starting - BASE_PATH: /app, STATIC_PATH: /app/static
2025-11-20 06:17:36,909 - app.main - INFO - STATIC_PATH exists: True
2025-11-20 06:17:36,909 - app.main - INFO - index.html exists at STATIC_PATH: True
2025-11-20 06:17:36,910 - app.main - INFO - Current working directory: /app
2025-11-20 06:17:36,920 - app.main - INFO - Database tables created/verified
2025-11-20 06:17:36,920 - app.main - WARNING - CORS is allowing all origins. Consider restricting in production.
2025-11-20 06:18:12,961 - app.main - INFO - Looking for UI index.html. BASE_PATH: /app, STATIC_PATH: /app/static, CWD: /app, script_dir: /app
2025-11-20 06:18:12,961 - app.main - INFO - Checking: /app/static/index.html (exists: True, is_file: True)
2025-11-20 06:18:12,961 - app.main - INFO - ✓ Successfully serving UI from /app/static/index.html
2025-11-20 06:18:12,963 - app.middleware.request_id - INFO - Request 2209cadf-6a53-478d-abd3-b82528862a89: GET /ui
2025-11-20 06:18:31,996 - app.main - INFO - Looking for UI index.html. BASE_PATH: /app, STATIC_PATH: /app/static, CWD: /app, script_dir: /app
2025-11-20 06:18:31,997 - app.main - INFO - Checking: /app/static/index.html (exists: True, is_file: True)
2025-11-20 06:18:31,997 - app.main - INFO - ✓ Successfully serving UI from /app/static/index.html
2025-11-20 06:18:31,998 - app.middleware.request_id - INFO - Request ec3163e7-7842-4822-af71-d616c52bb39d: GET /ui
2025-11-20 06:29:08,647 - app.main - INFO - Looking for UI index.html. BASE_PATH: /app, STATIC_PATH: /app/static, CWD: /app, script_dir: /app
2025-11-20 06:29:08,648 - app.main - INFO - Checking: /app/static/index.html (exists: True, is_file: True)
2025-11-20 06:29:08,649 - app.main - INFO - ✓ Successfully serving UI from /app/static/index.html
2025-11-20 06:29:08,650 - app.middleware.request_id - INFO - Request 8b288b01-4e0c-4d4c-bae9-5a3a056ca878: GET /ui
2025-11-20 06:29:09,008 - app.main - INFO - Looking for UI index.html. BASE_PATH: /app, STATIC_PATH: /app/static, CWD: /app, script_dir: /app
2025-11-20 06:29:09,008 - app.main - INFO - Checking: /app/static/index.html (exists: True, is_file: True)
2025-11-20 06:29:09,009 - app.main - INFO - ✓ Successfully serving UI from /app/static/index.html
2025-11-20 06:29:09,009 - app.middleware.request_id - INFO - Request 91c06963-cb33-4219-8936-2a15cdce9ccf: GET /ui
2025-11-20 06:39:20,458 - app.main - INFO - Application starting - BASE_PATH: /app, STATIC_PATH: /app/static
2025-11-20 06:39:20,459 - app.main - INFO - STATIC_PATH exists: True
2025-11-20 06:39:20,460 - app.main - INFO - index.html exists at STATIC_PATH: True
2025-11-20 06:39:20,460 - app.main - INFO - Current working directory: /app
2025-11-20 06:39:20,492 - app.main - INFO - Database tables created/verified
2025-11-20 06:39:20,492 - app.main - WARNING - CORS is allowing all origins. Consider restricting in production.
2025-11-20 06:39:23,226 - app.middleware.request_id - INFO - Request 56c320f8-c1a4-4da7-9843-d02f86e0af50: GET /
2025-11-20 06:39:23,327 - app.middleware.request_id - INFO - Request b9b88622-0416-409a-acf8-0ea2c9830009: GET /favicon.ico
2025-11-20 06:41:28,676 - app.middleware.request_id - INFO - Request badd72c6-ad1d-465a-add5-e0c16c17bda1: GET /
2025-11-20 06:42:06,760 - app.middleware.request_id - INFO - Request 80b424c4-86a1-40ec-97b9-2a13a86a8728: HEAD /ui
2025-11-20 06:42:07,844 - app.main - INFO - Looking for UI index.html. BASE_PATH: /app, STATIC_PATH: /app/static, CWD: /app, script_dir: /app
2025-11-20 06:42:07,845 - app.main - INFO - Checking: /app/static/index.html (exists: True, is_file: True)
2025-11-20 06:42:07,846 - app.main - INFO - ✓ Successfully serving UI from /app/static/index.html
2025-11-20 06:42:07,848 - app.middleware.request_id - INFO - Request c1abfeba-b213-4909-a311-160e40c24656: GET /ui
2025-11-20 06:42:16,026 - app.main - INFO - Looking for UI index.html. BASE_PATH: /app, STATIC_PATH: /app/static, CWD: /app, script_dir: /app
2025-11-20 06:42:16,027 - app.main - INFO - Checking: /app/static/index.html (exists: True, is_file: True)
2025-11-20 06:42:16,027 - app.main - INFO - ✓ Successfully serving UI from /app/static/index.html
2025-11-20 06:42:16,028 - app.middleware.request_id - INFO - Request f7edecda-19b4-4b27-ab39-05c6cdf3e516: GET /ui
2025-11-20 06:42:26,053 - app.main - INFO - Application starting - BASE_PATH: /app, STATIC_PATH: /app/static
2025-11-20 06:42:26,054 - app.main - INFO - STATIC_PATH exists: True
2025-11-20 06:42:26,054 - app.main - INFO - index.html exists at STATIC_PATH: True
2025-11-20 06:42:26,054 - app.main - INFO - Current working directory: /app
2025-11-20 06:42:26,063 - app.main - INFO - Database tables created/verified
2025-11-20 06:42:26,063 - app.main - WARNING - CORS is allowing all origins. Consider restricting in production.
2025-11-20 06:42:28,721 - app.middleware.request_id - INFO - Request 6e3e4f22-5bf2-4a49-b054-75c3059c0654: HEAD /
2025-11-20 06:42:33,847 - app.middleware.request_id - INFO - Request ad6710b1-908c-4d74-9688-feb07e60742a: GET /
2025-11-20 06:42:33,850 - app.main - INFO - Looking for UI index.html. BASE_PATH: /app, STATIC_PATH: /app/static, CWD: /app, script_dir: /app
2025-11-20 06:42:33,851 - app.main - INFO - Checking: /app/static/index.html (exists: True, is_file: True)
2025-11-20 06:42:33,851 - app.main - INFO - ✓ Successfully serving UI from /app/static/index.html
2025-11-20 06:42:33,852 - app.middleware.request_id - INFO - Request a4656f75-d12a-40d5-a3e0-a86fb60d23f1: GET /ui
2025-11-20 06:42:34,432 - app.middleware.request_id - INFO - Request 0bb88607-8308-44dc-8eac-42241ace8a4d: GET /
2025-11-20 06:42:43,910 - app.middleware.request_id - INFO - Request ac757ece-9aee-4acc-a5ee-1b078ae9ba95: GET /
2025-11-20 06:42:43,921 - app.main - INFO - Looking for UI index.html. BASE_PATH: /app, STATIC_PATH: /app/static, CWD: /app, script_dir: /app
2025-11-20 06:42:43,922 - app.main - INFO - Checking: /app/static/index.html (exists: True, is_file: True)
2025-11-20 06:42:43,922 - app.main - INFO - ✓ Successfully serving UI from /app/static/index.html
2025-11-20 06:42:43,923 - app.middleware.request_id - INFO - Request 430c20ba-d1d2-46be-9b5c-387b510d84d5: GET /ui
2025-11-20 06:42:43,938 - app.middleware.request_id - INFO - Request f130fd94-824f-40f9-ad64-a1198327ebf3: GET /static/index.html
2025-11-20 06:45:27,943 - app.middleware.request_id - INFO - Request 439858b1-ddc9-4cf1-a6c9-4bef4b58bc4d: GET /
2025-11-20 06:45:27,950 - app.main - INFO - Looking for UI index.html. BASE_PATH: /app, STATIC_PATH: /app/static, CWD: /app, script_dir: /app
2025-11-20 06:45:27,951 - app.main - INFO - Checking: /app/static/index.html (exists: True, is_file: True)
2025-11-20 06:45:27,951 - app.main - INFO - ✓ Successfully serving UI from /app/static/index.html
2025-11-20 06:45:27,951 - app.middleware.request_id - INFO - Request 3098afa6-7f40-403b-84dc-4bc0e3c2fb25: GET /ui
2025-11-20 06:47:41,194 - app.main - INFO - Looking for UI index.html. BASE_PATH: /app, STATIC_PATH: /app/static, CWD: /app, script_dir: /app
2025-11-20 06:47:41,194 - app.main - INFO - Checking: /app/static/index.html (exists: True, is_file: True)
2025-11-20 06:47:41,194 - app.main - INFO - ✓ Successfully serving UI from /app/static/index.html
2025-11-20 06:47:41,195 - app.middleware.request_id - INFO - Request 061db2c6-ae1f-4eda-a575-0086263a635e: GET /ui
2025-11-20 06:47:46,320 - app.main - INFO - Application starting - BASE_PATH: /app, STATIC_PATH: /app/static
2025-11-20 06:47:46,320 - app.main - INFO - STATIC_PATH exists: True
2025-11-20 06:47:46,320 - app.main - INFO - ✓ UI index.html cached at: /app/static/index.html
2025-11-20 06:47:46,320 - app.main - INFO - Current working directory: /app
2025-11-20 06:47:46,329 - app.main - INFO - Database tables created/verified
2025-11-20 06:47:46,330 - app.main - WARNING - CORS is allowing all origins. Consider restricting in production.
2025-11-20 06:47:56,032 - app.middleware.request_id - INFO - Request 10c8c3ae-0e07-4803-9945-aeb975999bfd: GET /ui
2025-11-20 06:47:56,063 - app.middleware.request_id - INFO - Request b93cfbc9-5069-4752-bcb8-3cb145b3ba07: GET /ui
2025-11-20 06:48:56,931 - app.middleware.request_id - INFO - Request 8032375f-8c08-4af6-8e95-d8cce209ad17: GET /ui
2025-11-20 06:49:12,296 - app.middleware.request_id - INFO - Request 1ba8ec05-fbfc-4838-b765-3e1bbc140708: GET /
2025-11-20 06:49:12,429 - app.middleware.request_id - INFO - Request 320c7388-1ce7-4c89-8ef0-947d49b5353c: GET /favicon.ico
2025-11-20 18:57:30,353 - app.middleware.request_id - INFO - Request f9dd2987-504b-4057-a5ef-353ed09ded54: GET /
2025-11-20 18:57:30,368 - app.middleware.request_id - INFO - Request fc919127-9f12-4724-ba53-0b285071e2c2: GET /ui
2025-11-20 18:57:30,492 - app.middleware.request_id - INFO - Request 43bc8d50-7201-4853-b575-d2cea0d0d798: GET /favicon.ico
2025-11-20 18:57:57,490 - app.main - INFO - Looking for technical documentation. BASE_PATH: /app, CWD: /app
2025-11-20 18:57:57,492 - app.main - INFO - Checking: /app/docs/TECHNICAL_DOCUMENTATION.md (exists: True, is_file: True)
2025-11-20 18:57:57,493 - app.main - INFO - ✓ Successfully loaded from /app/docs/TECHNICAL_DOCUMENTATION.md (27211 chars)
2025-11-20 18:57:57,494 - app.middleware.request_id - INFO - Request 5ab959b0-680e-4ac3-8627-104c54009693: GET /technical-documentation
